train: 0 2.6203781972334252 0.19472698539529254
val: 0 2.5105686046807048 0.23407380826894827
train: 1 2.4469011867548223 0.24813502578506957
val: 1 2.374046715022308 0.27288426387969994
train: 2 2.346401700154232 0.2759464365578385
val: 2 2.2937437994726775 0.2970721150072328
train: 3 2.281300520892023 0.2944771801063707
val: 3 2.2367421150794757 0.3132646310147235
train: 4 2.2307483624664894 0.3076092416332359
val: 4 2.1925664024400007 0.3266985882009935
train: 5 2.1885014990188827 0.3189272627935732
val: 5 2.230815935898297 0.31548493445619386
train: 6 2.163593662372129 0.3256511426007037
val: 6 2.2094052451584725 0.32191035805196405
train: 7 2.1234961021029606 0.33586605590915236
val: 7 2.1965189834533656 0.32342420130751204
train: 8 2.1220153076477457 0.3358397477352027
val: 8 2.24790759832401 0.3160456171434338
train: 9 2.097280895132256 0.34280835474186483
val: 9 2.1415716744408817 0.3402671092322011
train: 10 2.0680382979057113 0.3490140247039872
val: 10 2.1298196486064365 0.3439451876604954
train: 11 2.044100752475882 0.3546329612052325
val: 11 2.1015965900397653 0.35338708411361675
train: 12 2.019925738368112 0.3600812004848046
val: 12 2.080140246546327 0.3575249223454478
train: 13 1.9976713575101714 0.3648594990556589
val: 13 2.07887210873107 0.36038440405037175
train: 14 1.9809755176321555 0.3684667779767546
val: 14 2.0775652125964097 0.36185339269094047
train: 15 1.9618348728553439 0.3725310849429755
val: 15 2.1244032461508153 0.34948473261042645
train: 16 1.9417300601902292 0.37683889547273036
val: 16 2.074621350353061 0.36171882884600287
train: 17 1.9227945742314705 0.38032809352005204
val: 17 2.1044071949100847 0.3573791448467654
train: 18 1.9069753223651102 0.3832593135524417
val: 18 2.074567541535118 0.36292990345044124
train: 19 1.8910887244737598 0.38636061898850577
val: 19 2.082078076889876 0.3641858326698588
train: 20 1.8737805104988743 0.38957939348034504
val: 20 2.0957791342633993 0.3644213193984996
train: 21 1.8598490563334842 0.39191225550987996
val: 21 2.0766703202870898 0.36873857609024746
train: 22 1.8513749953191776 0.3937262958764079
val: 22 2.1157249512123357 0.3616291196160445
train: 23 1.8327337902915364 0.3973433638854848
val: 23 2.100330342304677 0.3675835697545331
train: 24 1.818077386568812 0.3999717340084541
val: 24 2.094761263179992 0.3709925204929522
train: 25 1.8050169218527616 0.40207761156042343
val: 25 2.104937972840417 0.3683012435942003
train: 26 1.7907855007624829 0.40468640350743024
val: 26 2.1211184618508288 0.3652511297756148
train: 27 1.7814191040957008 0.40655917840184574
val: 27 2.134729377117944 0.36284019422048286
train: 28 1.76106994096163 0.40994253193537
val: 28 2.1476008000925844 0.36378214113504603
train: 29 1.7487815048189257 0.41231393849883113
val: 29 2.159122846800412 0.3612814963499557
test: 29 2.084807485561699 0.36702709012001145
