##################################################################
start...
INPUT PATH: ../example1/
cuda:0

CPU单线程计算结果:
 iter_result:50 ,opi_loss 2.217476 time_cost  446.5849s RMSD:1.6185
DCU单卡计算结果:
 iter_result:50 ,opi_loss 2.217476 time_cost   34.7536s RMSD:1.6185
********************
a.正确结果:loss误差:0.0000%, RMSD误差:0.0000%

********************
b.用时: 34.7536s,加速比 12.8500倍
###################################################################


###################################################################
start...
INPUT PATH: ../example2/
cuda:0

CPU单线程计算结果:
 iter_result:50 ,opi_loss 2.512853 time_cost  316.3319s RMSD:7.1908
DCU单卡计算结果:
 iter_result:50 ,opi_loss 2.512853 time_cost   28.3788s RMSD:7.1908
********************
a.正确结果:loss误差:0.0000%, RMSD误差:0.0000%

********************
b.用时: 28.3788s,加速比 11.1468倍
###################################################################


###################################################################
start...
INPUT PATH: ../example3/
cuda:0

CPU单线程计算结果:
 iter_result:50 ,opi_loss 2.399104 time_cost  395.0419s RMSD:1.5485
DCU单卡计算结果:
 iter_result:50 ,opi_loss 2.399104 time_cost   42.4950s RMSD:1.5485
********************
a.正确结果:loss误差:0.0000, RMSD误差:0.0000%

********************
b.用时: 42.4950s,加速比  9.2962倍
###################################################################


##################################################################
start...
INPUT PATH: ../example4/
cuda:0

CPU单线程计算结果:
时间：6483.8260s
DCU单卡计计算结果:
**********
时间： 84.7338s
********************
b.用时: 84.7338s,加速比 76.5199倍
######################################################################

